# Logfile created on 2022-08-04 14:11:39 +0200 by logger.rb/v1.4.2
  [1m[35m (1.9ms)[0m  [1m[34mSELECT sqlite_version(*)[0m
  [1m[35m (0.4ms)[0m  [1m[35mDROP TABLE IF EXISTS "pigs"[0m
  [1m[35m (1.0ms)[0m  [1m[35mCREATE TABLE "pigs" ("id" integer PRIMARY KEY AUTOINCREMENT NOT NULL, "name" varchar, "human_id" integer)[0m
  [1m[35m (0.0ms)[0m  [1m[35mDROP TABLE IF EXISTS "humen"[0m
  [1m[35m (0.1ms)[0m  [1m[35mCREATE TABLE "humen" ("id" integer PRIMARY KEY AUTOINCREMENT NOT NULL, "name" varchar)[0m
  [1m[35m (0.0ms)[0m  [1m[35mDROP TABLE IF EXISTS "planets"[0m
  [1m[35m (0.0ms)[0m  [1m[35mCREATE TABLE "planets" ("id" integer PRIMARY KEY AUTOINCREMENT NOT NULL, "name" varchar)[0m
  [1m[35m (0.0ms)[0m  [1m[35mDROP TABLE IF EXISTS "birds"[0m
  [1m[35m (0.0ms)[0m  [1m[35mCREATE TABLE "birds" ("id" integer PRIMARY KEY AUTOINCREMENT NOT NULL, "name" varchar, "type" varchar, "planet_id" integer)[0m
  [1m[35m (0.0ms)[0m  [1m[35mDROP TABLE IF EXISTS "ownerships"[0m
  [1m[35m (0.0ms)[0m  [1m[35mCREATE TABLE "ownerships" ("id" integer PRIMARY KEY AUTOINCREMENT NOT NULL, "human_id" integer, "chicken_id" integer)[0m
  [1m[35m (0.5ms)[0m  [1m[35mCREATE TABLE "schema_migrations" ("version" varchar NOT NULL PRIMARY KEY)[0m
  [1m[36mActiveRecord::SchemaMigration Pluck (0.1ms)[0m  [1m[34mSELECT "schema_migrations"."version" FROM "schema_migrations" ORDER BY "schema_migrations"."version" ASC[0m
  [1m[35m (0.5ms)[0m  [1m[32mINSERT INTO "schema_migrations" (version) VALUES (1)[0m
  [1m[35m (0.1ms)[0m  [1m[35mCREATE TABLE "ar_internal_metadata" ("key" varchar NOT NULL PRIMARY KEY, "value" varchar, "created_at" datetime(6) NOT NULL, "updated_at" datetime(6) NOT NULL)[0m
  [1m[36mActiveRecord::InternalMetadata Load (0.6ms)[0m  [1m[34mSELECT "ar_internal_metadata".* FROM "ar_internal_metadata" WHERE "ar_internal_metadata"."key" = ? LIMIT ?[0m  [["key", "environment"], ["LIMIT", 1]]
  [1m[36mTRANSACTION (0.0ms)[0m  [1m[36mbegin transaction[0m
  [1m[36mActiveRecord::InternalMetadata Create (0.0ms)[0m  [1m[32mINSERT INTO "ar_internal_metadata" ("key", "value", "created_at", "updated_at") VALUES (?, ?, ?, ?)[0m  [["key", "environment"], ["value", "default_env"], ["created_at", "2022-08-04 12:11:58.827433"], ["updated_at", "2022-08-04 12:11:58.827433"]]
  [1m[36mTRANSACTION (0.0ms)[0m  [1m[36mcommit transaction[0m
  [1m[35m (0.8ms)[0m  [1m[34mSELECT sqlite_version(*)[0m
  [1m[35m (0.0ms)[0m  [1m[35mDROP TABLE IF EXISTS "pigs"[0m
  [1m[35m (0.2ms)[0m  [1m[35mCREATE TABLE "pigs" ("id" integer PRIMARY KEY AUTOINCREMENT NOT NULL, "name" varchar, "human_id" integer)[0m
  [1m[35m (0.0ms)[0m  [1m[35mDROP TABLE IF EXISTS "humen"[0m
  [1m[35m (0.1ms)[0m  [1m[35mCREATE TABLE "humen" ("id" integer PRIMARY KEY AUTOINCREMENT NOT NULL, "name" varchar)[0m
  [1m[35m (0.0ms)[0m  [1m[35mDROP TABLE IF EXISTS "planets"[0m
  [1m[35m (0.0ms)[0m  [1m[35mCREATE TABLE "planets" ("id" integer PRIMARY KEY AUTOINCREMENT NOT NULL, "name" varchar)[0m
  [1m[35m (0.0ms)[0m  [1m[35mDROP TABLE IF EXISTS "birds"[0m
  [1m[35m (0.1ms)[0m  [1m[35mCREATE TABLE "birds" ("id" integer PRIMARY KEY AUTOINCREMENT NOT NULL, "name" varchar, "type" varchar, "planet_id" integer)[0m
  [1m[35m (0.0ms)[0m  [1m[35mDROP TABLE IF EXISTS "ownerships"[0m
  [1m[35m (0.0ms)[0m  [1m[35mCREATE TABLE "ownerships" ("id" integer PRIMARY KEY AUTOINCREMENT NOT NULL, "human_id" integer, "chicken_id" integer)[0m
  [1m[35m (0.1ms)[0m  [1m[35mCREATE TABLE "schema_migrations" ("version" varchar NOT NULL PRIMARY KEY)[0m
  [1m[36mActiveRecord::SchemaMigration Pluck (0.0ms)[0m  [1m[34mSELECT "schema_migrations"."version" FROM "schema_migrations" ORDER BY "schema_migrations"."version" ASC[0m
  [1m[35m (0.0ms)[0m  [1m[32mINSERT INTO "schema_migrations" (version) VALUES (1)[0m
  [1m[35m (0.1ms)[0m  [1m[35mCREATE TABLE "ar_internal_metadata" ("key" varchar NOT NULL PRIMARY KEY, "value" varchar, "created_at" datetime(6) NOT NULL, "updated_at" datetime(6) NOT NULL)[0m
  [1m[36mActiveRecord::InternalMetadata Load (0.6ms)[0m  [1m[34mSELECT "ar_internal_metadata".* FROM "ar_internal_metadata" WHERE "ar_internal_metadata"."key" = ? LIMIT ?[0m  [["key", "environment"], ["LIMIT", 1]]
  [1m[36mTRANSACTION (0.0ms)[0m  [1m[36mbegin transaction[0m
  [1m[36mActiveRecord::InternalMetadata Create (0.1ms)[0m  [1m[32mINSERT INTO "ar_internal_metadata" ("key", "value", "created_at", "updated_at") VALUES (?, ?, ?, ?)[0m  [["key", "environment"], ["value", "default_env"], ["created_at", "2022-08-04 12:12:56.733893"], ["updated_at", "2022-08-04 12:12:56.733893"]]
  [1m[36mTRANSACTION (0.0ms)[0m  [1m[36mcommit transaction[0m
  [1m[36mTRANSACTION (0.0ms)[0m  [1m[36mbegin transaction[0m
  [1m[36mAnimal::Human Create (0.1ms)[0m  [1m[32mINSERT INTO "humen" ("name") VALUES (?)[0m  [["name", "Michael"]]
  [1m[36mTRANSACTION (0.0ms)[0m  [1m[36mcommit transaction[0m
  [1m[36mTRANSACTION (0.0ms)[0m  [1m[36mbegin transaction[0m
  [1m[36mAnimal::Human Create (0.0ms)[0m  [1m[32mINSERT INTO "humen" ("name") VALUES (?)[0m  [["name", "Jack"]]
  [1m[36mTRANSACTION (0.0ms)[0m  [1m[36mcommit transaction[0m
  [1m[36mTRANSACTION (0.0ms)[0m  [1m[36mbegin transaction[0m
  [1m[36mAnimal::Chicken Create (0.1ms)[0m  [1m[32mINSERT INTO "birds" ("name", "type") VALUES (?, ?)[0m  [["name", "Chick1"], ["type", "Animal::Chicken"]]
  [1m[36mTRANSACTION (0.0ms)[0m  [1m[36mcommit transaction[0m
  [1m[36mTRANSACTION (0.0ms)[0m  [1m[36mbegin transaction[0m
  [1m[36mAnimal::Chicken Create (0.0ms)[0m  [1m[32mINSERT INTO "birds" ("name", "type") VALUES (?, ?)[0m  [["name", "Chick2"], ["type", "Animal::Chicken"]]
  [1m[36mTRANSACTION (0.0ms)[0m  [1m[36mcommit transaction[0m
  [1m[36mTRANSACTION (0.0ms)[0m  [1m[36mbegin transaction[0m
  [1m[36mAnimal::Ownership Exists? (0.0ms)[0m  [1m[34mSELECT 1 AS one FROM "ownerships" WHERE "ownerships"."chicken_id" = ? AND "ownerships"."human_id" = ? LIMIT ?[0m  [["chicken_id", 1], ["human_id", 1], ["LIMIT", 1]]
  [1m[36mAnimal::Ownership Create (0.0ms)[0m  [1m[32mINSERT INTO "ownerships" ("human_id", "chicken_id") VALUES (?, ?)[0m  [["human_id", 1], ["chicken_id", 1]]
  [1m[36mAnimal::Ownership Exists? (0.0ms)[0m  [1m[34mSELECT 1 AS one FROM "ownerships" WHERE "ownerships"."chicken_id" = ? AND "ownerships"."human_id" = ? LIMIT ?[0m  [["chicken_id", 2], ["human_id", 1], ["LIMIT", 1]]
  [1m[36mAnimal::Ownership Create (0.0ms)[0m  [1m[32mINSERT INTO "ownerships" ("human_id", "chicken_id") VALUES (?, ?)[0m  [["human_id", 1], ["chicken_id", 2]]
  [1m[36mTRANSACTION (0.0ms)[0m  [1m[36mcommit transaction[0m
  [1m[36mTRANSACTION (0.0ms)[0m  [1m[36mbegin transaction[0m
  [1m[36mAnimal::Ownership Exists? (0.0ms)[0m  [1m[34mSELECT 1 AS one FROM "ownerships" WHERE "ownerships"."chicken_id" = ? AND "ownerships"."human_id" = ? LIMIT ?[0m  [["chicken_id", 1], ["human_id", 2], ["LIMIT", 1]]
  [1m[36mAnimal::Ownership Create (0.0ms)[0m  [1m[32mINSERT INTO "ownerships" ("human_id", "chicken_id") VALUES (?, ?)[0m  [["human_id", 2], ["chicken_id", 1]]
  [1m[36mAnimal::Ownership Exists? (0.0ms)[0m  [1m[34mSELECT 1 AS one FROM "ownerships" WHERE "ownerships"."chicken_id" = ? AND "ownerships"."human_id" = ? LIMIT ?[0m  [["chicken_id", 2], ["human_id", 2], ["LIMIT", 1]]
  [1m[36mAnimal::Ownership Create (0.0ms)[0m  [1m[32mINSERT INTO "ownerships" ("human_id", "chicken_id") VALUES (?, ?)[0m  [["human_id", 2], ["chicken_id", 2]]
  [1m[36mTRANSACTION (0.0ms)[0m  [1m[36mcommit transaction[0m
  [1m[36mAnimal::Ownership Load (0.0ms)[0m  [1m[34mSELECT "ownerships".* FROM "ownerships" WHERE "ownerships"."human_id" = ?[0m  [["human_id", 1]]
  [1m[35m (0.7ms)[0m  [1m[34mSELECT sqlite_version(*)[0m
  [1m[35m (0.0ms)[0m  [1m[35mDROP TABLE IF EXISTS "pigs"[0m
  [1m[35m (0.2ms)[0m  [1m[35mCREATE TABLE "pigs" ("id" integer PRIMARY KEY AUTOINCREMENT NOT NULL, "name" varchar, "human_id" integer)[0m
  [1m[35m (0.0ms)[0m  [1m[35mDROP TABLE IF EXISTS "humen"[0m
  [1m[35m (0.1ms)[0m  [1m[35mCREATE TABLE "humen" ("id" integer PRIMARY KEY AUTOINCREMENT NOT NULL, "name" varchar)[0m
  [1m[35m (0.0ms)[0m  [1m[35mDROP TABLE IF EXISTS "planets"[0m
  [1m[35m (0.1ms)[0m  [1m[35mCREATE TABLE "planets" ("id" integer PRIMARY KEY AUTOINCREMENT NOT NULL, "name" varchar)[0m
  [1m[35m (0.0ms)[0m  [1m[35mDROP TABLE IF EXISTS "birds"[0m
  [1m[35m (0.0ms)[0m  [1m[35mCREATE TABLE "birds" ("id" integer PRIMARY KEY AUTOINCREMENT NOT NULL, "name" varchar, "type" varchar, "planet_id" integer)[0m
  [1m[35m (0.0ms)[0m  [1m[35mDROP TABLE IF EXISTS "ownerships"[0m
  [1m[35m (0.0ms)[0m  [1m[35mCREATE TABLE "ownerships" ("id" integer PRIMARY KEY AUTOINCREMENT NOT NULL, "human_id" integer, "chicken_id" integer)[0m
  [1m[35m (0.1ms)[0m  [1m[35mCREATE TABLE "schema_migrations" ("version" varchar NOT NULL PRIMARY KEY)[0m
  [1m[36mActiveRecord::SchemaMigration Pluck (0.0ms)[0m  [1m[34mSELECT "schema_migrations"."version" FROM "schema_migrations" ORDER BY "schema_migrations"."version" ASC[0m
  [1m[35m (0.0ms)[0m  [1m[32mINSERT INTO "schema_migrations" (version) VALUES (1)[0m
  [1m[35m (0.1ms)[0m  [1m[35mCREATE TABLE "ar_internal_metadata" ("key" varchar NOT NULL PRIMARY KEY, "value" varchar, "created_at" datetime(6) NOT NULL, "updated_at" datetime(6) NOT NULL)[0m
  [1m[36mActiveRecord::InternalMetadata Load (0.6ms)[0m  [1m[34mSELECT "ar_internal_metadata".* FROM "ar_internal_metadata" WHERE "ar_internal_metadata"."key" = ? LIMIT ?[0m  [["key", "environment"], ["LIMIT", 1]]
  [1m[36mTRANSACTION (0.0ms)[0m  [1m[36mbegin transaction[0m
  [1m[36mActiveRecord::InternalMetadata Create (0.0ms)[0m  [1m[32mINSERT INTO "ar_internal_metadata" ("key", "value", "created_at", "updated_at") VALUES (?, ?, ?, ?)[0m  [["key", "environment"], ["value", "default_env"], ["created_at", "2022-08-04 12:13:22.167998"], ["updated_at", "2022-08-04 12:13:22.167998"]]
  [1m[36mTRANSACTION (0.0ms)[0m  [1m[36mcommit transaction[0m
  [1m[36mTRANSACTION (0.0ms)[0m  [1m[36mbegin transaction[0m
  [1m[36mAnimal::Human Create (0.1ms)[0m  [1m[32mINSERT INTO "humen" ("name") VALUES (?)[0m  [["name", "Michael"]]
  [1m[36mTRANSACTION (0.0ms)[0m  [1m[36mcommit transaction[0m
  [1m[36mTRANSACTION (0.0ms)[0m  [1m[36mbegin transaction[0m
  [1m[36mAnimal::Human Create (0.0ms)[0m  [1m[32mINSERT INTO "humen" ("name") VALUES (?)[0m  [["name", "Jack"]]
  [1m[36mTRANSACTION (0.0ms)[0m  [1m[36mcommit transaction[0m
  [1m[36mTRANSACTION (0.0ms)[0m  [1m[36mbegin transaction[0m
  [1m[36mAnimal::Chicken Create (0.0ms)[0m  [1m[32mINSERT INTO "birds" ("name", "type") VALUES (?, ?)[0m  [["name", "Chick1"], ["type", "Animal::Chicken"]]
  [1m[36mTRANSACTION (0.0ms)[0m  [1m[36mcommit transaction[0m
  [1m[36mTRANSACTION (0.0ms)[0m  [1m[36mbegin transaction[0m
  [1m[36mAnimal::Chicken Create (0.0ms)[0m  [1m[32mINSERT INTO "birds" ("name", "type") VALUES (?, ?)[0m  [["name", "Chick2"], ["type", "Animal::Chicken"]]
  [1m[36mTRANSACTION (0.0ms)[0m  [1m[36mcommit transaction[0m
  [1m[36mTRANSACTION (0.1ms)[0m  [1m[36mbegin transaction[0m
  [1m[36mAnimal::Ownership Exists? (0.0ms)[0m  [1m[34mSELECT 1 AS one FROM "ownerships" WHERE "ownerships"."chicken_id" = ? AND "ownerships"."human_id" = ? LIMIT ?[0m  [["chicken_id", 1], ["human_id", 1], ["LIMIT", 1]]
  [1m[36mAnimal::Ownership Create (0.0ms)[0m  [1m[32mINSERT INTO "ownerships" ("human_id", "chicken_id") VALUES (?, ?)[0m  [["human_id", 1], ["chicken_id", 1]]
  [1m[36mAnimal::Ownership Exists? (0.0ms)[0m  [1m[34mSELECT 1 AS one FROM "ownerships" WHERE "ownerships"."chicken_id" = ? AND "ownerships"."human_id" = ? LIMIT ?[0m  [["chicken_id", 2], ["human_id", 1], ["LIMIT", 1]]
  [1m[36mAnimal::Ownership Create (0.0ms)[0m  [1m[32mINSERT INTO "ownerships" ("human_id", "chicken_id") VALUES (?, ?)[0m  [["human_id", 1], ["chicken_id", 2]]
  [1m[36mTRANSACTION (0.0ms)[0m  [1m[36mcommit transaction[0m
  [1m[36mTRANSACTION (0.0ms)[0m  [1m[36mbegin transaction[0m
  [1m[36mAnimal::Ownership Exists? (0.0ms)[0m  [1m[34mSELECT 1 AS one FROM "ownerships" WHERE "ownerships"."chicken_id" = ? AND "ownerships"."human_id" = ? LIMIT ?[0m  [["chicken_id", 1], ["human_id", 2], ["LIMIT", 1]]
  [1m[36mAnimal::Ownership Create (0.0ms)[0m  [1m[32mINSERT INTO "ownerships" ("human_id", "chicken_id") VALUES (?, ?)[0m  [["human_id", 2], ["chicken_id", 1]]
  [1m[36mAnimal::Ownership Exists? (0.0ms)[0m  [1m[34mSELECT 1 AS one FROM "ownerships" WHERE "ownerships"."chicken_id" = ? AND "ownerships"."human_id" = ? LIMIT ?[0m  [["chicken_id", 2], ["human_id", 2], ["LIMIT", 1]]
  [1m[36mAnimal::Ownership Create (0.0ms)[0m  [1m[32mINSERT INTO "ownerships" ("human_id", "chicken_id") VALUES (?, ?)[0m  [["human_id", 2], ["chicken_id", 2]]
  [1m[36mTRANSACTION (0.0ms)[0m  [1m[36mcommit transaction[0m
  [1m[36mAnimal::Ownership Load (0.0ms)[0m  [1m[34mSELECT "ownerships".* FROM "ownerships" WHERE "ownerships"."human_id" = ?[0m  [["human_id", 1]]
  [1m[36mTRANSACTION (0.0ms)[0m  [1m[36mbegin transaction[0m
  [1m[36mAnimal::Ownership Exists? (0.0ms)[0m  [1m[34mSELECT 1 AS one FROM "ownerships" WHERE "ownerships"."chicken_id" = ? AND "ownerships"."human_id" IS NULL LIMIT ?[0m  [["chicken_id", 1], ["LIMIT", 1]]
  [1m[36mAnimal::Ownership Exists? (0.0ms)[0m  [1m[34mSELECT 1 AS one FROM "ownerships" WHERE "ownerships"."chicken_id" = ? AND "ownerships"."human_id" IS NULL LIMIT ?[0m  [["chicken_id", 2], ["LIMIT", 1]]
  [1m[36mAnimal::Human Create (0.0ms)[0m  [1m[32mINSERT INTO "humen" ("name") VALUES (?)[0m  [["name", "Michael"]]
  [1m[36mAnimal::Ownership Exists? (0.0ms)[0m  [1m[34mSELECT 1 AS one FROM "ownerships" WHERE "ownerships"."chicken_id" = ? AND "ownerships"."human_id" = ? LIMIT ?[0m  [["chicken_id", 1], ["human_id", 3], ["LIMIT", 1]]
  [1m[36mAnimal::Ownership Create (0.0ms)[0m  [1m[32mINSERT INTO "ownerships" ("human_id", "chicken_id") VALUES (?, ?)[0m  [["human_id", 3], ["chicken_id", 1]]
  [1m[36mAnimal::Ownership Exists? (0.0ms)[0m  [1m[34mSELECT 1 AS one FROM "ownerships" WHERE "ownerships"."chicken_id" = ? AND "ownerships"."human_id" = ? LIMIT ?[0m  [["chicken_id", 2], ["human_id", 3], ["LIMIT", 1]]
  [1m[36mAnimal::Ownership Create (0.0ms)[0m  [1m[32mINSERT INTO "ownerships" ("human_id", "chicken_id") VALUES (?, ?)[0m  [["human_id", 3], ["chicken_id", 2]]
  [1m[36mTRANSACTION (0.0ms)[0m  [1m[36mcommit transaction[0m
  [1m[36mAnimal::Chicken Count (0.1ms)[0m  [1m[34mSELECT COUNT(*) FROM "birds" INNER JOIN "ownerships" ON "birds"."id" = "ownerships"."chicken_id" WHERE "birds"."type" = ? AND "ownerships"."human_id" = ?[0m  [["type", "Animal::Chicken"], ["human_id", 3]]
  [1m[35m (0.8ms)[0m  [1m[34mSELECT sqlite_version(*)[0m
  [1m[35m (0.1ms)[0m  [1m[35mDROP TABLE IF EXISTS "pigs"[0m
  [1m[35m (0.3ms)[0m  [1m[35mCREATE TABLE "pigs" ("id" integer PRIMARY KEY AUTOINCREMENT NOT NULL, "name" varchar, "human_id" integer)[0m
  [1m[35m (0.0ms)[0m  [1m[35mDROP TABLE IF EXISTS "humen"[0m
  [1m[35m (0.1ms)[0m  [1m[35mCREATE TABLE "humen" ("id" integer PRIMARY KEY AUTOINCREMENT NOT NULL, "name" varchar)[0m
  [1m[35m (0.1ms)[0m  [1m[35mDROP TABLE IF EXISTS "planets"[0m
  [1m[35m (0.1ms)[0m  [1m[35mCREATE TABLE "planets" ("id" integer PRIMARY KEY AUTOINCREMENT NOT NULL, "name" varchar)[0m
  [1m[35m (0.0ms)[0m  [1m[35mDROP TABLE IF EXISTS "birds"[0m
  [1m[35m (0.1ms)[0m  [1m[35mCREATE TABLE "birds" ("id" integer PRIMARY KEY AUTOINCREMENT NOT NULL, "name" varchar, "type" varchar, "planet_id" integer)[0m
  [1m[35m (0.0ms)[0m  [1m[35mDROP TABLE IF EXISTS "ownerships"[0m
  [1m[35m (0.1ms)[0m  [1m[35mCREATE TABLE "ownerships" ("id" integer PRIMARY KEY AUTOINCREMENT NOT NULL, "human_id" integer, "chicken_id" integer)[0m
  [1m[35m (0.1ms)[0m  [1m[35mCREATE TABLE "schema_migrations" ("version" varchar NOT NULL PRIMARY KEY)[0m
  [1m[36mActiveRecord::SchemaMigration Pluck (0.1ms)[0m  [1m[34mSELECT "schema_migrations"."version" FROM "schema_migrations" ORDER BY "schema_migrations"."version" ASC[0m
  [1m[35m (0.1ms)[0m  [1m[32mINSERT INTO "schema_migrations" (version) VALUES (1)[0m
  [1m[35m (0.1ms)[0m  [1m[35mCREATE TABLE "ar_internal_metadata" ("key" varchar NOT NULL PRIMARY KEY, "value" varchar, "created_at" datetime(6) NOT NULL, "updated_at" datetime(6) NOT NULL)[0m
  [1m[36mActiveRecord::InternalMetadata Load (0.6ms)[0m  [1m[34mSELECT "ar_internal_metadata".* FROM "ar_internal_metadata" WHERE "ar_internal_metadata"."key" = ? LIMIT ?[0m  [["key", "environment"], ["LIMIT", 1]]
  [1m[36mTRANSACTION (0.0ms)[0m  [1m[36mbegin transaction[0m
  [1m[36mActiveRecord::InternalMetadata Create (0.0ms)[0m  [1m[32mINSERT INTO "ar_internal_metadata" ("key", "value", "created_at", "updated_at") VALUES (?, ?, ?, ?)[0m  [["key", "environment"], ["value", "default_env"], ["created_at", "2022-08-04 12:13:55.506391"], ["updated_at", "2022-08-04 12:13:55.506391"]]
  [1m[36mTRANSACTION (0.0ms)[0m  [1m[36mcommit transaction[0m
  [1m[36mTRANSACTION (0.0ms)[0m  [1m[36mbegin transaction[0m
  [1m[36mAnimal::Human Create (0.1ms)[0m  [1m[32mINSERT INTO "humen" ("name") VALUES (?)[0m  [["name", "Michael"]]
  [1m[36mTRANSACTION (0.0ms)[0m  [1m[36mcommit transaction[0m
  [1m[36mTRANSACTION (0.0ms)[0m  [1m[36mbegin transaction[0m
  [1m[36mAnimal::Human Create (0.0ms)[0m  [1m[32mINSERT INTO "humen" ("name") VALUES (?)[0m  [["name", "Jack"]]
  [1m[36mTRANSACTION (0.0ms)[0m  [1m[36mcommit transaction[0m
  [1m[36mTRANSACTION (0.0ms)[0m  [1m[36mbegin transaction[0m
  [1m[36mAnimal::Chicken Create (0.0ms)[0m  [1m[32mINSERT INTO "birds" ("name", "type") VALUES (?, ?)[0m  [["name", "Chick1"], ["type", "Animal::Chicken"]]
  [1m[36mTRANSACTION (0.0ms)[0m  [1m[36mcommit transaction[0m
  [1m[36mTRANSACTION (0.0ms)[0m  [1m[36mbegin transaction[0m
  [1m[36mAnimal::Chicken Create (0.0ms)[0m  [1m[32mINSERT INTO "birds" ("name", "type") VALUES (?, ?)[0m  [["name", "Chick2"], ["type", "Animal::Chicken"]]
  [1m[36mTRANSACTION (0.0ms)[0m  [1m[36mcommit transaction[0m
  [1m[36mTRANSACTION (0.0ms)[0m  [1m[36mbegin transaction[0m
  [1m[36mAnimal::Ownership Exists? (0.1ms)[0m  [1m[34mSELECT 1 AS one FROM "ownerships" WHERE "ownerships"."chicken_id" = ? AND "ownerships"."human_id" = ? LIMIT ?[0m  [["chicken_id", 1], ["human_id", 1], ["LIMIT", 1]]
  [1m[36mAnimal::Ownership Create (0.1ms)[0m  [1m[32mINSERT INTO "ownerships" ("human_id", "chicken_id") VALUES (?, ?)[0m  [["human_id", 1], ["chicken_id", 1]]
  [1m[36mAnimal::Ownership Exists? (0.1ms)[0m  [1m[34mSELECT 1 AS one FROM "ownerships" WHERE "ownerships"."chicken_id" = ? AND "ownerships"."human_id" = ? LIMIT ?[0m  [["chicken_id", 2], ["human_id", 1], ["LIMIT", 1]]
  [1m[36mAnimal::Ownership Create (0.0ms)[0m  [1m[32mINSERT INTO "ownerships" ("human_id", "chicken_id") VALUES (?, ?)[0m  [["human_id", 1], ["chicken_id", 2]]
  [1m[36mTRANSACTION (0.0ms)[0m  [1m[36mcommit transaction[0m
  [1m[36mTRANSACTION (0.0ms)[0m  [1m[36mbegin transaction[0m
  [1m[36mAnimal::Ownership Exists? (0.0ms)[0m  [1m[34mSELECT 1 AS one FROM "ownerships" WHERE "ownerships"."chicken_id" = ? AND "ownerships"."human_id" = ? LIMIT ?[0m  [["chicken_id", 1], ["human_id", 2], ["LIMIT", 1]]
  [1m[36mAnimal::Ownership Create (0.0ms)[0m  [1m[32mINSERT INTO "ownerships" ("human_id", "chicken_id") VALUES (?, ?)[0m  [["human_id", 2], ["chicken_id", 1]]
  [1m[36mAnimal::Ownership Exists? (0.0ms)[0m  [1m[34mSELECT 1 AS one FROM "ownerships" WHERE "ownerships"."chicken_id" = ? AND "ownerships"."human_id" = ? LIMIT ?[0m  [["chicken_id", 2], ["human_id", 2], ["LIMIT", 1]]
  [1m[36mAnimal::Ownership Create (0.0ms)[0m  [1m[32mINSERT INTO "ownerships" ("human_id", "chicken_id") VALUES (?, ?)[0m  [["human_id", 2], ["chicken_id", 2]]
  [1m[36mTRANSACTION (0.0ms)[0m  [1m[36mcommit transaction[0m
  [1m[35m (0.8ms)[0m  [1m[34mSELECT sqlite_version(*)[0m
  [1m[35m (0.0ms)[0m  [1m[35mDROP TABLE IF EXISTS "pigs"[0m
  [1m[35m (0.2ms)[0m  [1m[35mCREATE TABLE "pigs" ("id" integer PRIMARY KEY AUTOINCREMENT NOT NULL, "name" varchar, "human_id" integer)[0m
  [1m[35m (0.0ms)[0m  [1m[35mDROP TABLE IF EXISTS "humen"[0m
  [1m[35m (0.1ms)[0m  [1m[35mCREATE TABLE "humen" ("id" integer PRIMARY KEY AUTOINCREMENT NOT NULL, "name" varchar)[0m
  [1m[35m (0.0ms)[0m  [1m[35mDROP TABLE IF EXISTS "planets"[0m
  [1m[35m (0.0ms)[0m  [1m[35mCREATE TABLE "planets" ("id" integer PRIMARY KEY AUTOINCREMENT NOT NULL, "name" varchar)[0m
  [1m[35m (0.0ms)[0m  [1m[35mDROP TABLE IF EXISTS "birds"[0m
  [1m[35m (0.0ms)[0m  [1m[35mCREATE TABLE "birds" ("id" integer PRIMARY KEY AUTOINCREMENT NOT NULL, "name" varchar, "type" varchar, "planet_id" integer)[0m
  [1m[35m (0.0ms)[0m  [1m[35mDROP TABLE IF EXISTS "ownerships"[0m
  [1m[35m (0.0ms)[0m  [1m[35mCREATE TABLE "ownerships" ("id" integer PRIMARY KEY AUTOINCREMENT NOT NULL, "human_id" integer, "chicken_id" integer)[0m
  [1m[35m (0.1ms)[0m  [1m[35mCREATE TABLE "schema_migrations" ("version" varchar NOT NULL PRIMARY KEY)[0m
  [1m[36mActiveRecord::SchemaMigration Pluck (0.0ms)[0m  [1m[34mSELECT "schema_migrations"."version" FROM "schema_migrations" ORDER BY "schema_migrations"."version" ASC[0m
  [1m[35m (0.0ms)[0m  [1m[32mINSERT INTO "schema_migrations" (version) VALUES (1)[0m
  [1m[35m (0.1ms)[0m  [1m[35mCREATE TABLE "ar_internal_metadata" ("key" varchar NOT NULL PRIMARY KEY, "value" varchar, "created_at" datetime(6) NOT NULL, "updated_at" datetime(6) NOT NULL)[0m
  [1m[36mActiveRecord::InternalMetadata Load (0.6ms)[0m  [1m[34mSELECT "ar_internal_metadata".* FROM "ar_internal_metadata" WHERE "ar_internal_metadata"."key" = ? LIMIT ?[0m  [["key", "environment"], ["LIMIT", 1]]
  [1m[36mTRANSACTION (0.0ms)[0m  [1m[36mbegin transaction[0m
  [1m[36mActiveRecord::InternalMetadata Create (0.1ms)[0m  [1m[32mINSERT INTO "ar_internal_metadata" ("key", "value", "created_at", "updated_at") VALUES (?, ?, ?, ?)[0m  [["key", "environment"], ["value", "default_env"], ["created_at", "2022-08-04 12:16:35.585680"], ["updated_at", "2022-08-04 12:16:35.585680"]]
  [1m[36mTRANSACTION (0.0ms)[0m  [1m[36mcommit transaction[0m
  [1m[36mTRANSACTION (0.0ms)[0m  [1m[36mbegin transaction[0m
  [1m[36mAnimal::Human Create (0.1ms)[0m  [1m[32mINSERT INTO "humen" ("name") VALUES (?)[0m  [["name", "Michael"]]
  [1m[36mTRANSACTION (0.0ms)[0m  [1m[36mcommit transaction[0m
  [1m[36mTRANSACTION (0.0ms)[0m  [1m[36mbegin transaction[0m
  [1m[36mAnimal::Human Create (0.0ms)[0m  [1m[32mINSERT INTO "humen" ("name") VALUES (?)[0m  [["name", "Jack"]]
  [1m[36mTRANSACTION (0.0ms)[0m  [1m[36mcommit transaction[0m
  [1m[36mTRANSACTION (0.0ms)[0m  [1m[36mbegin transaction[0m
  [1m[36mAnimal::Chicken Create (0.1ms)[0m  [1m[32mINSERT INTO "birds" ("name", "type") VALUES (?, ?)[0m  [["name", "Chick1"], ["type", "Animal::Chicken"]]
  [1m[36mTRANSACTION (0.0ms)[0m  [1m[36mcommit transaction[0m
  [1m[36mTRANSACTION (0.0ms)[0m  [1m[36mbegin transaction[0m
  [1m[36mAnimal::Chicken Create (0.0ms)[0m  [1m[32mINSERT INTO "birds" ("name", "type") VALUES (?, ?)[0m  [["name", "Chick2"], ["type", "Animal::Chicken"]]
  [1m[36mTRANSACTION (0.0ms)[0m  [1m[36mcommit transaction[0m
  [1m[36mTRANSACTION (0.0ms)[0m  [1m[36mbegin transaction[0m
  [1m[36mAnimal::Ownership Exists? (0.0ms)[0m  [1m[34mSELECT 1 AS one FROM "ownerships" WHERE "ownerships"."chicken_id" = ? AND "ownerships"."human_id" = ? LIMIT ?[0m  [["chicken_id", 1], ["human_id", 1], ["LIMIT", 1]]
  [1m[36mAnimal::Ownership Create (0.0ms)[0m  [1m[32mINSERT INTO "ownerships" ("human_id", "chicken_id") VALUES (?, ?)[0m  [["human_id", 1], ["chicken_id", 1]]
  [1m[36mAnimal::Ownership Exists? (0.0ms)[0m  [1m[34mSELECT 1 AS one FROM "ownerships" WHERE "ownerships"."chicken_id" = ? AND "ownerships"."human_id" = ? LIMIT ?[0m  [["chicken_id", 2], ["human_id", 1], ["LIMIT", 1]]
  [1m[36mAnimal::Ownership Create (0.0ms)[0m  [1m[32mINSERT INTO "ownerships" ("human_id", "chicken_id") VALUES (?, ?)[0m  [["human_id", 1], ["chicken_id", 2]]
  [1m[36mTRANSACTION (0.0ms)[0m  [1m[36mcommit transaction[0m
  [1m[36mTRANSACTION (0.0ms)[0m  [1m[36mbegin transaction[0m
  [1m[36mAnimal::Ownership Exists? (0.0ms)[0m  [1m[34mSELECT 1 AS one FROM "ownerships" WHERE "ownerships"."chicken_id" = ? AND "ownerships"."human_id" = ? LIMIT ?[0m  [["chicken_id", 1], ["human_id", 2], ["LIMIT", 1]]
  [1m[36mAnimal::Ownership Create (0.0ms)[0m  [1m[32mINSERT INTO "ownerships" ("human_id", "chicken_id") VALUES (?, ?)[0m  [["human_id", 2], ["chicken_id", 1]]
  [1m[36mAnimal::Ownership Exists? (0.0ms)[0m  [1m[34mSELECT 1 AS one FROM "ownerships" WHERE "ownerships"."chicken_id" = ? AND "ownerships"."human_id" = ? LIMIT ?[0m  [["chicken_id", 2], ["human_id", 2], ["LIMIT", 1]]
  [1m[36mAnimal::Ownership Create (0.0ms)[0m  [1m[32mINSERT INTO "ownerships" ("human_id", "chicken_id") VALUES (?, ?)[0m  [["human_id", 2], ["chicken_id", 2]]
  [1m[36mTRANSACTION (0.0ms)[0m  [1m[36mcommit transaction[0m
  [1m[35m (1.0ms)[0m  [1m[34mSELECT sqlite_version(*)[0m
  [1m[35m (0.1ms)[0m  [1m[35mDROP TABLE IF EXISTS "pigs"[0m
  [1m[35m (0.3ms)[0m  [1m[35mCREATE TABLE "pigs" ("id" integer PRIMARY KEY AUTOINCREMENT NOT NULL, "name" varchar, "human_id" integer)[0m
  [1m[35m (0.0ms)[0m  [1m[35mDROP TABLE IF EXISTS "humen"[0m
  [1m[35m (0.1ms)[0m  [1m[35mCREATE TABLE "humen" ("id" integer PRIMARY KEY AUTOINCREMENT NOT NULL, "name" varchar)[0m
  [1m[35m (0.0ms)[0m  [1m[35mDROP TABLE IF EXISTS "planets"[0m
  [1m[35m (0.0ms)[0m  [1m[35mCREATE TABLE "planets" ("id" integer PRIMARY KEY AUTOINCREMENT NOT NULL, "name" varchar)[0m
  [1m[35m (0.0ms)[0m  [1m[35mDROP TABLE IF EXISTS "birds"[0m
  [1m[35m (0.0ms)[0m  [1m[35mCREATE TABLE "birds" ("id" integer PRIMARY KEY AUTOINCREMENT NOT NULL, "name" varchar, "type" varchar, "planet_id" integer)[0m
  [1m[35m (0.0ms)[0m  [1m[35mDROP TABLE IF EXISTS "ownerships"[0m
  [1m[35m (0.0ms)[0m  [1m[35mCREATE TABLE "ownerships" ("id" integer PRIMARY KEY AUTOINCREMENT NOT NULL, "human_id" integer, "chicken_id" integer)[0m
  [1m[35m (0.1ms)[0m  [1m[35mCREATE TABLE "schema_migrations" ("version" varchar NOT NULL PRIMARY KEY)[0m
  [1m[36mActiveRecord::SchemaMigration Pluck (0.0ms)[0m  [1m[34mSELECT "schema_migrations"."version" FROM "schema_migrations" ORDER BY "schema_migrations"."version" ASC[0m
  [1m[35m (0.0ms)[0m  [1m[32mINSERT INTO "schema_migrations" (version) VALUES (1)[0m
  [1m[35m (0.1ms)[0m  [1m[35mCREATE TABLE "ar_internal_metadata" ("key" varchar NOT NULL PRIMARY KEY, "value" varchar, "created_at" datetime(6) NOT NULL, "updated_at" datetime(6) NOT NULL)[0m
  [1m[36mActiveRecord::InternalMetadata Load (0.6ms)[0m  [1m[34mSELECT "ar_internal_metadata".* FROM "ar_internal_metadata" WHERE "ar_internal_metadata"."key" = ? LIMIT ?[0m  [["key", "environment"], ["LIMIT", 1]]
  [1m[36mTRANSACTION (0.0ms)[0m  [1m[36mbegin transaction[0m
  [1m[36mActiveRecord::InternalMetadata Create (0.0ms)[0m  [1m[32mINSERT INTO "ar_internal_metadata" ("key", "value", "created_at", "updated_at") VALUES (?, ?, ?, ?)[0m  [["key", "environment"], ["value", "default_env"], ["created_at", "2022-08-04 12:18:50.407100"], ["updated_at", "2022-08-04 12:18:50.407100"]]
  [1m[36mTRANSACTION (0.0ms)[0m  [1m[36mcommit transaction[0m
  [1m[35m (0.8ms)[0m  [1m[34mSELECT sqlite_version(*)[0m
  [1m[35m (0.0ms)[0m  [1m[35mDROP TABLE IF EXISTS "pigs"[0m
  [1m[35m (0.2ms)[0m  [1m[35mCREATE TABLE "pigs" ("id" integer PRIMARY KEY AUTOINCREMENT NOT NULL, "name" varchar, "human_id" integer)[0m
  [1m[35m (0.0ms)[0m  [1m[35mDROP TABLE IF EXISTS "humen"[0m
  [1m[35m (0.1ms)[0m  [1m[35mCREATE TABLE "humen" ("id" integer PRIMARY KEY AUTOINCREMENT NOT NULL, "name" varchar)[0m
  [1m[35m (0.0ms)[0m  [1m[35mDROP TABLE IF EXISTS "planets"[0m
  [1m[35m (0.1ms)[0m  [1m[35mCREATE TABLE "planets" ("id" integer PRIMARY KEY AUTOINCREMENT NOT NULL, "name" varchar)[0m
  [1m[35m (0.0ms)[0m  [1m[35mDROP TABLE IF EXISTS "birds"[0m
  [1m[35m (0.0ms)[0m  [1m[35mCREATE TABLE "birds" ("id" integer PRIMARY KEY AUTOINCREMENT NOT NULL, "name" varchar, "type" varchar, "planet_id" integer)[0m
  [1m[35m (0.0ms)[0m  [1m[35mDROP TABLE IF EXISTS "ownerships"[0m
  [1m[35m (0.0ms)[0m  [1m[35mCREATE TABLE "ownerships" ("id" integer PRIMARY KEY AUTOINCREMENT NOT NULL, "human_id" integer, "chicken_id" integer)[0m
  [1m[35m (0.1ms)[0m  [1m[35mCREATE TABLE "schema_migrations" ("version" varchar NOT NULL PRIMARY KEY)[0m
  [1m[36mActiveRecord::SchemaMigration Pluck (0.0ms)[0m  [1m[34mSELECT "schema_migrations"."version" FROM "schema_migrations" ORDER BY "schema_migrations"."version" ASC[0m
  [1m[35m (0.0ms)[0m  [1m[32mINSERT INTO "schema_migrations" (version) VALUES (1)[0m
  [1m[35m (0.1ms)[0m  [1m[35mCREATE TABLE "ar_internal_metadata" ("key" varchar NOT NULL PRIMARY KEY, "value" varchar, "created_at" datetime(6) NOT NULL, "updated_at" datetime(6) NOT NULL)[0m
  [1m[36mActiveRecord::InternalMetadata Load (0.6ms)[0m  [1m[34mSELECT "ar_internal_metadata".* FROM "ar_internal_metadata" WHERE "ar_internal_metadata"."key" = ? LIMIT ?[0m  [["key", "environment"], ["LIMIT", 1]]
  [1m[36mTRANSACTION (0.0ms)[0m  [1m[36mbegin transaction[0m
  [1m[36mActiveRecord::InternalMetadata Create (0.0ms)[0m  [1m[32mINSERT INTO "ar_internal_metadata" ("key", "value", "created_at", "updated_at") VALUES (?, ?, ?, ?)[0m  [["key", "environment"], ["value", "default_env"], ["created_at", "2022-08-04 12:18:58.597753"], ["updated_at", "2022-08-04 12:18:58.597753"]]
  [1m[36mTRANSACTION (0.0ms)[0m  [1m[36mcommit transaction[0m
  [1m[36mTRANSACTION (0.0ms)[0m  [1m[36mbegin transaction[0m
  [1m[36mAnimal::Human Create (0.1ms)[0m  [1m[32mINSERT INTO "humen" ("name") VALUES (?)[0m  [["name", "Michael"]]
  [1m[36mTRANSACTION (0.0ms)[0m  [1m[36mcommit transaction[0m
  [1m[36mTRANSACTION (0.0ms)[0m  [1m[36mbegin transaction[0m
  [1m[36mAnimal::Human Create (0.0ms)[0m  [1m[32mINSERT INTO "humen" ("name") VALUES (?)[0m  [["name", "Jack"]]
  [1m[36mTRANSACTION (0.0ms)[0m  [1m[36mcommit transaction[0m
  [1m[36mTRANSACTION (0.0ms)[0m  [1m[36mbegin transaction[0m
  [1m[36mAnimal::Chicken Create (0.1ms)[0m  [1m[32mINSERT INTO "birds" ("name", "type") VALUES (?, ?)[0m  [["name", "Chick1"], ["type", "Animal::Chicken"]]
  [1m[36mTRANSACTION (0.0ms)[0m  [1m[36mcommit transaction[0m
  [1m[36mTRANSACTION (0.0ms)[0m  [1m[36mbegin transaction[0m
  [1m[36mAnimal::Chicken Create (0.0ms)[0m  [1m[32mINSERT INTO "birds" ("name", "type") VALUES (?, ?)[0m  [["name", "Chick2"], ["type", "Animal::Chicken"]]
  [1m[36mTRANSACTION (0.0ms)[0m  [1m[36mcommit transaction[0m
  [1m[36mTRANSACTION (0.0ms)[0m  [1m[36mbegin transaction[0m
  [1m[36mAnimal::Ownership Exists? (0.0ms)[0m  [1m[34mSELECT 1 AS one FROM "ownerships" WHERE "ownerships"."chicken_id" = ? AND "ownerships"."human_id" = ? LIMIT ?[0m  [["chicken_id", 1], ["human_id", 1], ["LIMIT", 1]]
  [1m[36mAnimal::Ownership Create (0.0ms)[0m  [1m[32mINSERT INTO "ownerships" ("human_id", "chicken_id") VALUES (?, ?)[0m  [["human_id", 1], ["chicken_id", 1]]
  [1m[36mAnimal::Ownership Exists? (0.0ms)[0m  [1m[34mSELECT 1 AS one FROM "ownerships" WHERE "ownerships"."chicken_id" = ? AND "ownerships"."human_id" = ? LIMIT ?[0m  [["chicken_id", 2], ["human_id", 1], ["LIMIT", 1]]
  [1m[36mAnimal::Ownership Create (0.0ms)[0m  [1m[32mINSERT INTO "ownerships" ("human_id", "chicken_id") VALUES (?, ?)[0m  [["human_id", 1], ["chicken_id", 2]]
  [1m[36mTRANSACTION (0.0ms)[0m  [1m[36mcommit transaction[0m
  [1m[36mTRANSACTION (0.0ms)[0m  [1m[36mbegin transaction[0m
  [1m[36mAnimal::Ownership Exists? (0.0ms)[0m  [1m[34mSELECT 1 AS one FROM "ownerships" WHERE "ownerships"."chicken_id" = ? AND "ownerships"."human_id" = ? LIMIT ?[0m  [["chicken_id", 1], ["human_id", 2], ["LIMIT", 1]]
  [1m[36mAnimal::Ownership Create (0.0ms)[0m  [1m[32mINSERT INTO "ownerships" ("human_id", "chicken_id") VALUES (?, ?)[0m  [["human_id", 2], ["chicken_id", 1]]
  [1m[36mAnimal::Ownership Exists? (0.0ms)[0m  [1m[34mSELECT 1 AS one FROM "ownerships" WHERE "ownerships"."chicken_id" = ? AND "ownerships"."human_id" = ? LIMIT ?[0m  [["chicken_id", 2], ["human_id", 2], ["LIMIT", 1]]
  [1m[36mAnimal::Ownership Create (0.0ms)[0m  [1m[32mINSERT INTO "ownerships" ("human_id", "chicken_id") VALUES (?, ?)[0m  [["human_id", 2], ["chicken_id", 2]]
  [1m[36mTRANSACTION (0.0ms)[0m  [1m[36mcommit transaction[0m
  [1m[36mAnimal::Ownership Load (0.1ms)[0m  [1m[34mSELECT "ownerships".* FROM "ownerships" WHERE "ownerships"."human_id" = ?[0m  [["human_id", 1]]
  [1m[36mTRANSACTION (0.0ms)[0m  [1m[36mbegin transaction[0m
  [1m[36mAnimal::Ownership Exists? (0.1ms)[0m  [1m[34mSELECT 1 AS one FROM "ownerships" WHERE "ownerships"."chicken_id" = ? AND "ownerships"."human_id" IS NULL LIMIT ?[0m  [["chicken_id", 1], ["LIMIT", 1]]
  [1m[36mAnimal::Ownership Exists? (0.0ms)[0m  [1m[34mSELECT 1 AS one FROM "ownerships" WHERE "ownerships"."chicken_id" = ? AND "ownerships"."human_id" IS NULL LIMIT ?[0m  [["chicken_id", 2], ["LIMIT", 1]]
  [1m[36mAnimal::Human Create (0.0ms)[0m  [1m[32mINSERT INTO "humen" ("name") VALUES (?)[0m  [["name", "Michael"]]
  [1m[36mAnimal::Ownership Exists? (0.0ms)[0m  [1m[34mSELECT 1 AS one FROM "ownerships" WHERE "ownerships"."chicken_id" = ? AND "ownerships"."human_id" = ? LIMIT ?[0m  [["chicken_id", 1], ["human_id", 3], ["LIMIT", 1]]
  [1m[36mAnimal::Ownership Create (0.0ms)[0m  [1m[32mINSERT INTO "ownerships" ("human_id", "chicken_id") VALUES (?, ?)[0m  [["human_id", 3], ["chicken_id", 1]]
  [1m[36mAnimal::Ownership Exists? (0.0ms)[0m  [1m[34mSELECT 1 AS one FROM "ownerships" WHERE "ownerships"."chicken_id" = ? AND "ownerships"."human_id" = ? LIMIT ?[0m  [["chicken_id", 2], ["human_id", 3], ["LIMIT", 1]]
  [1m[36mAnimal::Ownership Create (0.0ms)[0m  [1m[32mINSERT INTO "ownerships" ("human_id", "chicken_id") VALUES (?, ?)[0m  [["human_id", 3], ["chicken_id", 2]]
  [1m[36mTRANSACTION (0.0ms)[0m  [1m[36mcommit transaction[0m
  [1m[36mAnimal::Chicken Count (0.1ms)[0m  [1m[34mSELECT COUNT(*) FROM "birds" INNER JOIN "ownerships" ON "birds"."id" = "ownerships"."chicken_id" WHERE "birds"."type" = ? AND "ownerships"."human_id" = ?[0m  [["type", "Animal::Chicken"], ["human_id", 3]]
  [1m[35m (0.9ms)[0m  [1m[34mSELECT sqlite_version(*)[0m
  [1m[35m (0.0ms)[0m  [1m[35mDROP TABLE IF EXISTS "pigs"[0m
  [1m[35m (0.2ms)[0m  [1m[35mCREATE TABLE "pigs" ("id" integer PRIMARY KEY AUTOINCREMENT NOT NULL, "name" varchar, "human_id" integer)[0m
  [1m[35m (0.0ms)[0m  [1m[35mDROP TABLE IF EXISTS "humen"[0m
  [1m[35m (0.1ms)[0m  [1m[35mCREATE TABLE "humen" ("id" integer PRIMARY KEY AUTOINCREMENT NOT NULL, "name" varchar)[0m
  [1m[35m (0.0ms)[0m  [1m[35mDROP TABLE IF EXISTS "planets"[0m
  [1m[35m (0.0ms)[0m  [1m[35mCREATE TABLE "planets" ("id" integer PRIMARY KEY AUTOINCREMENT NOT NULL, "name" varchar)[0m
  [1m[35m (0.0ms)[0m  [1m[35mDROP TABLE IF EXISTS "birds"[0m
  [1m[35m (0.0ms)[0m  [1m[35mCREATE TABLE "birds" ("id" integer PRIMARY KEY AUTOINCREMENT NOT NULL, "name" varchar, "type" varchar, "planet_id" integer)[0m
  [1m[35m (0.0ms)[0m  [1m[35mDROP TABLE IF EXISTS "ownerships"[0m
  [1m[35m (0.0ms)[0m  [1m[35mCREATE TABLE "ownerships" ("id" integer PRIMARY KEY AUTOINCREMENT NOT NULL, "human_id" integer, "chicken_id" integer)[0m
  [1m[35m (0.1ms)[0m  [1m[35mCREATE TABLE "schema_migrations" ("version" varchar NOT NULL PRIMARY KEY)[0m
  [1m[36mActiveRecord::SchemaMigration Pluck (0.1ms)[0m  [1m[34mSELECT "schema_migrations"."version" FROM "schema_migrations" ORDER BY "schema_migrations"."version" ASC[0m
  [1m[35m (0.1ms)[0m  [1m[32mINSERT INTO "schema_migrations" (version) VALUES (1)[0m
  [1m[35m (0.1ms)[0m  [1m[35mCREATE TABLE "ar_internal_metadata" ("key" varchar NOT NULL PRIMARY KEY, "value" varchar, "created_at" datetime(6) NOT NULL, "updated_at" datetime(6) NOT NULL)[0m
  [1m[36mActiveRecord::InternalMetadata Load (0.6ms)[0m  [1m[34mSELECT "ar_internal_metadata".* FROM "ar_internal_metadata" WHERE "ar_internal_metadata"."key" = ? LIMIT ?[0m  [["key", "environment"], ["LIMIT", 1]]
  [1m[36mTRANSACTION (0.0ms)[0m  [1m[36mbegin transaction[0m
  [1m[36mActiveRecord::InternalMetadata Create (0.0ms)[0m  [1m[32mINSERT INTO "ar_internal_metadata" ("key", "value", "created_at", "updated_at") VALUES (?, ?, ?, ?)[0m  [["key", "environment"], ["value", "default_env"], ["created_at", "2022-08-04 12:21:54.802208"], ["updated_at", "2022-08-04 12:21:54.802208"]]
  [1m[36mTRANSACTION (0.0ms)[0m  [1m[36mcommit transaction[0m
  [1m[36mTRANSACTION (0.0ms)[0m  [1m[36mbegin transaction[0m
  [1m[36mAnimal::Human Create (0.1ms)[0m  [1m[32mINSERT INTO "humen" ("name") VALUES (?)[0m  [["name", "Michael"]]
  [1m[36mTRANSACTION (0.0ms)[0m  [1m[36mcommit transaction[0m
  [1m[36mTRANSACTION (0.0ms)[0m  [1m[36mbegin transaction[0m
  [1m[36mAnimal::Human Create (0.0ms)[0m  [1m[32mINSERT INTO "humen" ("name") VALUES (?)[0m  [["name", "Jack"]]
  [1m[36mTRANSACTION (0.0ms)[0m  [1m[36mcommit transaction[0m
  [1m[36mTRANSACTION (0.0ms)[0m  [1m[36mbegin transaction[0m
  [1m[36mAnimal::Chicken Create (0.1ms)[0m  [1m[32mINSERT INTO "birds" ("name", "type") VALUES (?, ?)[0m  [["name", "Chick1"], ["type", "Animal::Chicken"]]
  [1m[36mTRANSACTION (0.0ms)[0m  [1m[36mcommit transaction[0m
  [1m[36mTRANSACTION (0.0ms)[0m  [1m[36mbegin transaction[0m
  [1m[36mAnimal::Chicken Create (0.0ms)[0m  [1m[32mINSERT INTO "birds" ("name", "type") VALUES (?, ?)[0m  [["name", "Chick2"], ["type", "Animal::Chicken"]]
  [1m[36mTRANSACTION (0.0ms)[0m  [1m[36mcommit transaction[0m
  [1m[36mTRANSACTION (0.0ms)[0m  [1m[36mbegin transaction[0m
  [1m[36mAnimal::Ownership Exists? (0.0ms)[0m  [1m[34mSELECT 1 AS one FROM "ownerships" WHERE "ownerships"."chicken_id" = ? AND "ownerships"."human_id" = ? LIMIT ?[0m  [["chicken_id", 1], ["human_id", 1], ["LIMIT", 1]]
  [1m[36mAnimal::Ownership Create (0.0ms)[0m  [1m[32mINSERT INTO "ownerships" ("human_id", "chicken_id") VALUES (?, ?)[0m  [["human_id", 1], ["chicken_id", 1]]
  [1m[36mAnimal::Ownership Exists? (0.0ms)[0m  [1m[34mSELECT 1 AS one FROM "ownerships" WHERE "ownerships"."chicken_id" = ? AND "ownerships"."human_id" = ? LIMIT ?[0m  [["chicken_id", 2], ["human_id", 1], ["LIMIT", 1]]
  [1m[36mAnimal::Ownership Create (0.0ms)[0m  [1m[32mINSERT INTO "ownerships" ("human_id", "chicken_id") VALUES (?, ?)[0m  [["human_id", 1], ["chicken_id", 2]]
  [1m[36mTRANSACTION (0.0ms)[0m  [1m[36mcommit transaction[0m
  [1m[36mTRANSACTION (0.0ms)[0m  [1m[36mbegin transaction[0m
  [1m[36mAnimal::Ownership Exists? (0.0ms)[0m  [1m[34mSELECT 1 AS one FROM "ownerships" WHERE "ownerships"."chicken_id" = ? AND "ownerships"."human_id" = ? LIMIT ?[0m  [["chicken_id", 1], ["human_id", 2], ["LIMIT", 1]]
  [1m[36mAnimal::Ownership Create (0.0ms)[0m  [1m[32mINSERT INTO "ownerships" ("human_id", "chicken_id") VALUES (?, ?)[0m  [["human_id", 2], ["chicken_id", 1]]
  [1m[36mAnimal::Ownership Exists? (0.0ms)[0m  [1m[34mSELECT 1 AS one FROM "ownerships" WHERE "ownerships"."chicken_id" = ? AND "ownerships"."human_id" = ? LIMIT ?[0m  [["chicken_id", 2], ["human_id", 2], ["LIMIT", 1]]
  [1m[36mAnimal::Ownership Create (0.0ms)[0m  [1m[32mINSERT INTO "ownerships" ("human_id", "chicken_id") VALUES (?, ?)[0m  [["human_id", 2], ["chicken_id", 2]]
  [1m[36mTRANSACTION (0.0ms)[0m  [1m[36mcommit transaction[0m
  [1m[36mAnimal::Ownership Load (0.0ms)[0m  [1m[34mSELECT "ownerships".* FROM "ownerships" WHERE "ownerships"."human_id" = ?[0m  [["human_id", 1]]
  [1m[36mTRANSACTION (0.0ms)[0m  [1m[36mbegin transaction[0m
  [1m[36mAnimal::Ownership Exists? (0.0ms)[0m  [1m[34mSELECT 1 AS one FROM "ownerships" WHERE "ownerships"."chicken_id" = ? AND "ownerships"."human_id" IS NULL LIMIT ?[0m  [["chicken_id", 1], ["LIMIT", 1]]
  [1m[36mAnimal::Ownership Exists? (0.0ms)[0m  [1m[34mSELECT 1 AS one FROM "ownerships" WHERE "ownerships"."chicken_id" = ? AND "ownerships"."human_id" IS NULL LIMIT ?[0m  [["chicken_id", 2], ["LIMIT", 1]]
  [1m[36mAnimal::Human Create (0.0ms)[0m  [1m[32mINSERT INTO "humen" ("name") VALUES (?)[0m  [["name", "Michael"]]
  [1m[36mAnimal::Ownership Exists? (0.0ms)[0m  [1m[34mSELECT 1 AS one FROM "ownerships" WHERE "ownerships"."chicken_id" = ? AND "ownerships"."human_id" = ? LIMIT ?[0m  [["chicken_id", 1], ["human_id", 3], ["LIMIT", 1]]
  [1m[36mAnimal::Ownership Create (0.0ms)[0m  [1m[32mINSERT INTO "ownerships" ("human_id", "chicken_id") VALUES (?, ?)[0m  [["human_id", 3], ["chicken_id", 1]]
  [1m[36mAnimal::Ownership Exists? (0.0ms)[0m  [1m[34mSELECT 1 AS one FROM "ownerships" WHERE "ownerships"."chicken_id" = ? AND "ownerships"."human_id" = ? LIMIT ?[0m  [["chicken_id", 2], ["human_id", 3], ["LIMIT", 1]]
  [1m[36mAnimal::Ownership Create (0.0ms)[0m  [1m[32mINSERT INTO "ownerships" ("human_id", "chicken_id") VALUES (?, ?)[0m  [["human_id", 3], ["chicken_id", 2]]
  [1m[36mTRANSACTION (0.0ms)[0m  [1m[36mcommit transaction[0m
  [1m[36mAnimal::Chicken Count (0.1ms)[0m  [1m[34mSELECT COUNT(*) FROM "birds" INNER JOIN "ownerships" ON "birds"."id" = "ownerships"."chicken_id" WHERE "birds"."type" = ? AND "ownerships"."human_id" = ?[0m  [["type", "Animal::Chicken"], ["human_id", 3]]
  [1m[36mTRANSACTION (0.0ms)[0m  [1m[36mbegin transaction[0m
  [1m[36mAnimal::Human Create (0.0ms)[0m  [1m[32mINSERT INTO "humen" ("name") VALUES (?)[0m  [["name", "Michael"]]
  [1m[36mTRANSACTION (0.0ms)[0m  [1m[36mcommit transaction[0m
  [1m[36mTRANSACTION (0.0ms)[0m  [1m[36mbegin transaction[0m
  [1m[36mAnimal::Human Create (0.0ms)[0m  [1m[32mINSERT INTO "humen" ("name") VALUES (?)[0m  [["name", "Jack"]]
  [1m[36mTRANSACTION (0.0ms)[0m  [1m[36mcommit transaction[0m
  [1m[36mTRANSACTION (0.0ms)[0m  [1m[36mbegin transaction[0m
  [1m[36mAnimal::Chicken Create (0.0ms)[0m  [1m[32mINSERT INTO "birds" ("name", "type") VALUES (?, ?)[0m  [["name", "Chick1"], ["type", "Animal::Chicken"]]
  [1m[36mTRANSACTION (0.0ms)[0m  [1m[36mcommit transaction[0m
  [1m[36mTRANSACTION (0.0ms)[0m  [1m[36mbegin transaction[0m
  [1m[36mAnimal::Chicken Create (0.0ms)[0m  [1m[32mINSERT INTO "birds" ("name", "type") VALUES (?, ?)[0m  [["name", "Chick2"], ["type", "Animal::Chicken"]]
  [1m[36mTRANSACTION (0.0ms)[0m  [1m[36mcommit transaction[0m
  [1m[36mTRANSACTION (0.0ms)[0m  [1m[36mbegin transaction[0m
  [1m[36mAnimal::Ownership Exists? (0.1ms)[0m  [1m[34mSELECT 1 AS one FROM "ownerships" WHERE "ownerships"."chicken_id" = ? AND "ownerships"."human_id" = ? LIMIT ?[0m  [["chicken_id", 3], ["human_id", 4], ["LIMIT", 1]]
  [1m[36mAnimal::Ownership Create (0.0ms)[0m  [1m[32mINSERT INTO "ownerships" ("human_id", "chicken_id") VALUES (?, ?)[0m  [["human_id", 4], ["chicken_id", 3]]
  [1m[36mAnimal::Ownership Exists? (0.0ms)[0m  [1m[34mSELECT 1 AS one FROM "ownerships" WHERE "ownerships"."chicken_id" = ? AND "ownerships"."human_id" = ? LIMIT ?[0m  [["chicken_id", 4], ["human_id", 4], ["LIMIT", 1]]
  [1m[36mAnimal::Ownership Create (0.0ms)[0m  [1m[32mINSERT INTO "ownerships" ("human_id", "chicken_id") VALUES (?, ?)[0m  [["human_id", 4], ["chicken_id", 4]]
  [1m[36mTRANSACTION (0.0ms)[0m  [1m[36mcommit transaction[0m
  [1m[36mTRANSACTION (0.0ms)[0m  [1m[36mbegin transaction[0m
  [1m[36mAnimal::Ownership Exists? (0.0ms)[0m  [1m[34mSELECT 1 AS one FROM "ownerships" WHERE "ownerships"."chicken_id" = ? AND "ownerships"."human_id" = ? LIMIT ?[0m  [["chicken_id", 3], ["human_id", 5], ["LIMIT", 1]]
  [1m[36mAnimal::Ownership Create (0.0ms)[0m  [1m[32mINSERT INTO "ownerships" ("human_id", "chicken_id") VALUES (?, ?)[0m  [["human_id", 5], ["chicken_id", 3]]
  [1m[36mAnimal::Ownership Exists? (0.0ms)[0m  [1m[34mSELECT 1 AS one FROM "ownerships" WHERE "ownerships"."chicken_id" = ? AND "ownerships"."human_id" = ? LIMIT ?[0m  [["chicken_id", 4], ["human_id", 5], ["LIMIT", 1]]
  [1m[36mAnimal::Ownership Create (0.0ms)[0m  [1m[32mINSERT INTO "ownerships" ("human_id", "chicken_id") VALUES (?, ?)[0m  [["human_id", 5], ["chicken_id", 4]]
  [1m[36mTRANSACTION (0.0ms)[0m  [1m[36mcommit transaction[0m
  [1m[35m (1.0ms)[0m  [1m[34mSELECT sqlite_version(*)[0m
  [1m[35m (0.1ms)[0m  [1m[35mDROP TABLE IF EXISTS "pigs"[0m
  [1m[35m (0.3ms)[0m  [1m[35mCREATE TABLE "pigs" ("id" integer PRIMARY KEY AUTOINCREMENT NOT NULL, "name" varchar, "human_id" integer)[0m
  [1m[35m (0.0ms)[0m  [1m[35mDROP TABLE IF EXISTS "humen"[0m
  [1m[35m (0.1ms)[0m  [1m[35mCREATE TABLE "humen" ("id" integer PRIMARY KEY AUTOINCREMENT NOT NULL, "name" varchar)[0m
  [1m[35m (0.0ms)[0m  [1m[35mDROP TABLE IF EXISTS "planets"[0m
  [1m[35m (0.0ms)[0m  [1m[35mCREATE TABLE "planets" ("id" integer PRIMARY KEY AUTOINCREMENT NOT NULL, "name" varchar)[0m
  [1m[35m (0.0ms)[0m  [1m[35mDROP TABLE IF EXISTS "birds"[0m
  [1m[35m (0.0ms)[0m  [1m[35mCREATE TABLE "birds" ("id" integer PRIMARY KEY AUTOINCREMENT NOT NULL, "name" varchar, "type" varchar, "planet_id" integer)[0m
  [1m[35m (0.0ms)[0m  [1m[35mDROP TABLE IF EXISTS "ownerships"[0m
  [1m[35m (0.0ms)[0m  [1m[35mCREATE TABLE "ownerships" ("id" integer PRIMARY KEY AUTOINCREMENT NOT NULL, "human_id" integer, "chicken_id" integer)[0m
  [1m[35m (0.1ms)[0m  [1m[35mCREATE TABLE "schema_migrations" ("version" varchar NOT NULL PRIMARY KEY)[0m
  [1m[36mActiveRecord::SchemaMigration Pluck (0.0ms)[0m  [1m[34mSELECT "schema_migrations"."version" FROM "schema_migrations" ORDER BY "schema_migrations"."version" ASC[0m
  [1m[35m (0.0ms)[0m  [1m[32mINSERT INTO "schema_migrations" (version) VALUES (1)[0m
  [1m[35m (0.1ms)[0m  [1m[35mCREATE TABLE "ar_internal_metadata" ("key" varchar NOT NULL PRIMARY KEY, "value" varchar, "created_at" datetime(6) NOT NULL, "updated_at" datetime(6) NOT NULL)[0m
  [1m[36mActiveRecord::InternalMetadata Load (0.6ms)[0m  [1m[34mSELECT "ar_internal_metadata".* FROM "ar_internal_metadata" WHERE "ar_internal_metadata"."key" = ? LIMIT ?[0m  [["key", "environment"], ["LIMIT", 1]]
  [1m[36mTRANSACTION (0.0ms)[0m  [1m[36mbegin transaction[0m
  [1m[36mActiveRecord::InternalMetadata Create (0.0ms)[0m  [1m[32mINSERT INTO "ar_internal_metadata" ("key", "value", "created_at", "updated_at") VALUES (?, ?, ?, ?)[0m  [["key", "environment"], ["value", "default_env"], ["created_at", "2022-08-04 12:22:14.015710"], ["updated_at", "2022-08-04 12:22:14.015710"]]
  [1m[36mTRANSACTION (0.0ms)[0m  [1m[36mcommit transaction[0m
  [1m[36mTRANSACTION (0.0ms)[0m  [1m[36mbegin transaction[0m
  [1m[36mAnimal::Human Create (0.0ms)[0m  [1m[32mINSERT INTO "humen" ("name") VALUES (?)[0m  [["name", "Michael"]]
  [1m[36mTRANSACTION (0.0ms)[0m  [1m[36mcommit transaction[0m
  [1m[36mTRANSACTION (0.0ms)[0m  [1m[36mbegin transaction[0m
  [1m[36mAnimal::Human Create (0.0ms)[0m  [1m[32mINSERT INTO "humen" ("name") VALUES (?)[0m  [["name", "Jack"]]
  [1m[36mTRANSACTION (0.0ms)[0m  [1m[36mcommit transaction[0m
  [1m[36mTRANSACTION (0.0ms)[0m  [1m[36mbegin transaction[0m
  [1m[36mAnimal::Chicken Create (0.0ms)[0m  [1m[32mINSERT INTO "birds" ("name", "type") VALUES (?, ?)[0m  [["name", "Chick1"], ["type", "Animal::Chicken"]]
  [1m[36mTRANSACTION (0.0ms)[0m  [1m[36mcommit transaction[0m
  [1m[36mTRANSACTION (0.0ms)[0m  [1m[36mbegin transaction[0m
  [1m[36mAnimal::Chicken Create (0.0ms)[0m  [1m[32mINSERT INTO "birds" ("name", "type") VALUES (?, ?)[0m  [["name", "Chick2"], ["type", "Animal::Chicken"]]
  [1m[36mTRANSACTION (0.0ms)[0m  [1m[36mcommit transaction[0m
  [1m[36mTRANSACTION (0.0ms)[0m  [1m[36mbegin transaction[0m
  [1m[36mAnimal::Ownership Exists? (0.1ms)[0m  [1m[34mSELECT 1 AS one FROM "ownerships" WHERE "ownerships"."chicken_id" = ? AND "ownerships"."human_id" = ? LIMIT ?[0m  [["chicken_id", 1], ["human_id", 1], ["LIMIT", 1]]
  [1m[36mAnimal::Ownership Create (0.1ms)[0m  [1m[32mINSERT INTO "ownerships" ("human_id", "chicken_id") VALUES (?, ?)[0m  [["human_id", 1], ["chicken_id", 1]]
  [1m[36mAnimal::Ownership Exists? (0.0ms)[0m  [1m[34mSELECT 1 AS one FROM "ownerships" WHERE "ownerships"."chicken_id" = ? AND "ownerships"."human_id" = ? LIMIT ?[0m  [["chicken_id", 2], ["human_id", 1], ["LIMIT", 1]]
  [1m[36mAnimal::Ownership Create (0.0ms)[0m  [1m[32mINSERT INTO "ownerships" ("human_id", "chicken_id") VALUES (?, ?)[0m  [["human_id", 1], ["chicken_id", 2]]
  [1m[36mTRANSACTION (0.0ms)[0m  [1m[36mcommit transaction[0m
  [1m[36mTRANSACTION (0.0ms)[0m  [1m[36mbegin transaction[0m
  [1m[36mAnimal::Ownership Exists? (0.0ms)[0m  [1m[34mSELECT 1 AS one FROM "ownerships" WHERE "ownerships"."chicken_id" = ? AND "ownerships"."human_id" = ? LIMIT ?[0m  [["chicken_id", 1], ["human_id", 2], ["LIMIT", 1]]
  [1m[36mAnimal::Ownership Create (0.0ms)[0m  [1m[32mINSERT INTO "ownerships" ("human_id", "chicken_id") VALUES (?, ?)[0m  [["human_id", 2], ["chicken_id", 1]]
  [1m[36mAnimal::Ownership Exists? (0.0ms)[0m  [1m[34mSELECT 1 AS one FROM "ownerships" WHERE "ownerships"."chicken_id" = ? AND "ownerships"."human_id" = ? LIMIT ?[0m  [["chicken_id", 2], ["human_id", 2], ["LIMIT", 1]]
  [1m[36mAnimal::Ownership Create (0.0ms)[0m  [1m[32mINSERT INTO "ownerships" ("human_id", "chicken_id") VALUES (?, ?)[0m  [["human_id", 2], ["chicken_id", 2]]
  [1m[36mTRANSACTION (0.0ms)[0m  [1m[36mcommit transaction[0m
  [1m[36mAnimal::Ownership Load (0.1ms)[0m  [1m[34mSELECT "ownerships".* FROM "ownerships" WHERE "ownerships"."human_id" = ?[0m  [["human_id", 1]]
  [1m[36mTRANSACTION (0.0ms)[0m  [1m[36mbegin transaction[0m
  [1m[36mAnimal::Ownership Exists? (0.0ms)[0m  [1m[34mSELECT 1 AS one FROM "ownerships" WHERE "ownerships"."chicken_id" = ? AND "ownerships"."human_id" IS NULL LIMIT ?[0m  [["chicken_id", 1], ["LIMIT", 1]]
  [1m[36mAnimal::Ownership Exists? (0.0ms)[0m  [1m[34mSELECT 1 AS one FROM "ownerships" WHERE "ownerships"."chicken_id" = ? AND "ownerships"."human_id" IS NULL LIMIT ?[0m  [["chicken_id", 2], ["LIMIT", 1]]
  [1m[36mAnimal::Human Create (0.0ms)[0m  [1m[32mINSERT INTO "humen" ("name") VALUES (?)[0m  [["name", "Michael"]]
  [1m[36mAnimal::Ownership Exists? (0.0ms)[0m  [1m[34mSELECT 1 AS one FROM "ownerships" WHERE "ownerships"."chicken_id" = ? AND "ownerships"."human_id" = ? LIMIT ?[0m  [["chicken_id", 1], ["human_id", 3], ["LIMIT", 1]]
  [1m[36mAnimal::Ownership Create (0.0ms)[0m  [1m[32mINSERT INTO "ownerships" ("human_id", "chicken_id") VALUES (?, ?)[0m  [["human_id", 3], ["chicken_id", 1]]
  [1m[36mAnimal::Ownership Exists? (0.0ms)[0m  [1m[34mSELECT 1 AS one FROM "ownerships" WHERE "ownerships"."chicken_id" = ? AND "ownerships"."human_id" = ? LIMIT ?[0m  [["chicken_id", 2], ["human_id", 3], ["LIMIT", 1]]
  [1m[36mAnimal::Ownership Create (0.0ms)[0m  [1m[32mINSERT INTO "ownerships" ("human_id", "chicken_id") VALUES (?, ?)[0m  [["human_id", 3], ["chicken_id", 2]]
  [1m[36mTRANSACTION (0.0ms)[0m  [1m[36mcommit transaction[0m
  [1m[36mAnimal::Chicken Count (0.1ms)[0m  [1m[34mSELECT COUNT(*) FROM "birds" INNER JOIN "ownerships" ON "birds"."id" = "ownerships"."chicken_id" WHERE "birds"."type" = ? AND "ownerships"."human_id" = ?[0m  [["type", "Animal::Chicken"], ["human_id", 3]]
  [1m[36mTRANSACTION (0.0ms)[0m  [1m[36mbegin transaction[0m
  [1m[36mAnimal::Human Create (0.0ms)[0m  [1m[32mINSERT INTO "humen" ("name") VALUES (?)[0m  [["name", "Michael"]]
  [1m[36mTRANSACTION (0.0ms)[0m  [1m[36mcommit transaction[0m
  [1m[36mTRANSACTION (0.0ms)[0m  [1m[36mbegin transaction[0m
  [1m[36mAnimal::Human Create (0.0ms)[0m  [1m[32mINSERT INTO "humen" ("name") VALUES (?)[0m  [["name", "Jack"]]
  [1m[36mTRANSACTION (0.0ms)[0m  [1m[36mcommit transaction[0m
  [1m[36mTRANSACTION (0.0ms)[0m  [1m[36mbegin transaction[0m
  [1m[36mAnimal::Chicken Create (0.0ms)[0m  [1m[32mINSERT INTO "birds" ("name", "type") VALUES (?, ?)[0m  [["name", "Chick1"], ["type", "Animal::Chicken"]]
  [1m[36mTRANSACTION (0.0ms)[0m  [1m[36mcommit transaction[0m
  [1m[36mTRANSACTION (0.0ms)[0m  [1m[36mbegin transaction[0m
  [1m[36mAnimal::Chicken Create (0.0ms)[0m  [1m[32mINSERT INTO "birds" ("name", "type") VALUES (?, ?)[0m  [["name", "Chick2"], ["type", "Animal::Chicken"]]
  [1m[36mTRANSACTION (0.0ms)[0m  [1m[36mcommit transaction[0m
  [1m[36mTRANSACTION (0.0ms)[0m  [1m[36mbegin transaction[0m
  [1m[36mAnimal::Ownership Exists? (0.0ms)[0m  [1m[34mSELECT 1 AS one FROM "ownerships" WHERE "ownerships"."chicken_id" = ? AND "ownerships"."human_id" = ? LIMIT ?[0m  [["chicken_id", 3], ["human_id", 4], ["LIMIT", 1]]
  [1m[36mAnimal::Ownership Create (0.0ms)[0m  [1m[32mINSERT INTO "ownerships" ("human_id", "chicken_id") VALUES (?, ?)[0m  [["human_id", 4], ["chicken_id", 3]]
  [1m[36mAnimal::Ownership Exists? (0.0ms)[0m  [1m[34mSELECT 1 AS one FROM "ownerships" WHERE "ownerships"."chicken_id" = ? AND "ownerships"."human_id" = ? LIMIT ?[0m  [["chicken_id", 4], ["human_id", 4], ["LIMIT", 1]]
  [1m[36mAnimal::Ownership Create (0.0ms)[0m  [1m[32mINSERT INTO "ownerships" ("human_id", "chicken_id") VALUES (?, ?)[0m  [["human_id", 4], ["chicken_id", 4]]
  [1m[36mTRANSACTION (0.0ms)[0m  [1m[36mcommit transaction[0m
  [1m[36mTRANSACTION (0.0ms)[0m  [1m[36mbegin transaction[0m
  [1m[36mAnimal::Ownership Exists? (0.0ms)[0m  [1m[34mSELECT 1 AS one FROM "ownerships" WHERE "ownerships"."chicken_id" = ? AND "ownerships"."human_id" = ? LIMIT ?[0m  [["chicken_id", 3], ["human_id", 5], ["LIMIT", 1]]
  [1m[36mAnimal::Ownership Create (0.0ms)[0m  [1m[32mINSERT INTO "ownerships" ("human_id", "chicken_id") VALUES (?, ?)[0m  [["human_id", 5], ["chicken_id", 3]]
  [1m[36mAnimal::Ownership Exists? (0.1ms)[0m  [1m[34mSELECT 1 AS one FROM "ownerships" WHERE "ownerships"."chicken_id" = ? AND "ownerships"."human_id" = ? LIMIT ?[0m  [["chicken_id", 4], ["human_id", 5], ["LIMIT", 1]]
  [1m[36mAnimal::Ownership Create (0.0ms)[0m  [1m[32mINSERT INTO "ownerships" ("human_id", "chicken_id") VALUES (?, ?)[0m  [["human_id", 5], ["chicken_id", 4]]
  [1m[36mTRANSACTION (0.0ms)[0m  [1m[36mcommit transaction[0m
